<?xml version="1.0" encoding="utf-8"?>
<coverage line-rate="0.721" branch-rate="0.6015999999999999" version="1.9" timestamp="1677969993" lines-covered="1060" lines-valid="1470" branches-covered="290" branches-valid="482">
  <sources>
    <source>C:\Projects\Netizine.OpenAI\src\Netizine.OpenAI\</source>
  </sources>
  <packages>
    <package name="Netizine.OpenAI" line-rate="0.721" branch-rate="0.6015999999999999" complexity="1059">
      <classes>
        <class name="OpenAI.OpenAIEntity" filename="Entities\Base\OpenAIEntity.cs" line-rate="0.7692" branch-rate="1" complexity="8">
          <methods>
            <method name="get_RawJObject" signature="()" line-rate="1" branch-rate="1" complexity="1">
              <lines>
                <line number="31" hits="330" branch="False" />
              </lines>
            </method>
            <method name="get_OpenAIResponse" signature="()" line-rate="1" branch-rate="1" complexity="1">
              <lines>
                <line number="36" hits="59" branch="False" />
              </lines>
            </method>
            <method name="FromJson" signature="(System.String)" line-rate="1" branch-rate="1" complexity="1">
              <lines>
                <line number="46" hits="3" branch="False" />
              </lines>
            </method>
            <method name="FromJson" signature="(System.String)" line-rate="1" branch-rate="1" complexity="1">
              <lines>
                <line number="56" hits="55" branch="False" />
              </lines>
            </method>
            <method name="SetRawJObject" signature="(Newtonsoft.Json.Linq.JObject)" line-rate="1" branch-rate="1" complexity="1">
              <lines>
                <line number="61" hits="320" branch="False" />
                <line number="62" hits="320" branch="False" />
              </lines>
            </method>
            <method name="ToString" signature="()" line-rate="0" branch-rate="1" complexity="1">
              <lines>
                <line number="71" hits="0" branch="False" />
                <line number="72" hits="0" branch="False" />
              </lines>
            </method>
            <method name="ToJson" signature="()" line-rate="1" branch-rate="1" complexity="1">
              <lines>
                <line number="79" hits="4" branch="False" />
                <line number="80" hits="4" branch="False" />
                <line number="81" hits="4" branch="False" />
                <line number="82" hits="4" branch="False" />
              </lines>
            </method>
            <method name="GetIdString" signature="()" line-rate="0" branch-rate="1" complexity="1">
              <lines>
                <line number="87" hits="0" branch="False" />
              </lines>
            </method>
          </methods>
          <lines>
            <line number="31" hits="330" branch="False" />
            <line number="36" hits="59" branch="False" />
            <line number="46" hits="3" branch="False" />
            <line number="56" hits="55" branch="False" />
            <line number="61" hits="320" branch="False" />
            <line number="62" hits="320" branch="False" />
            <line number="71" hits="0" branch="False" />
            <line number="72" hits="0" branch="False" />
            <line number="79" hits="4" branch="False" />
            <line number="80" hits="4" branch="False" />
            <line number="81" hits="4" branch="False" />
            <line number="82" hits="4" branch="False" />
            <line number="87" hits="0" branch="False" />
          </lines>
        </class>
        <class name="OpenAI.OpenAIEntity`1" filename="Entities\Base\OpenAIEntity.cs" line-rate="1" branch-rate="1" complexity="1">
          <methods>
            <method name="FromJson" signature="(System.String)" line-rate="1" branch-rate="1" complexity="1">
              <lines>
                <line number="105" hits="1" branch="False" />
              </lines>
            </method>
          </methods>
          <lines>
            <line number="105" hits="1" branch="False" />
          </lines>
        </class>
        <class name="OpenAI.Categories" filename="Entities\Categories.cs" line-rate="1" branch-rate="1" complexity="7">
          <methods>
            <method name="get_Hate" signature="()" line-rate="1" branch-rate="1" complexity="1">
              <lines>
                <line number="16" hits="3" branch="False" />
              </lines>
            </method>
            <method name="get_HateThreatening" signature="()" line-rate="1" branch-rate="1" complexity="1">
              <lines>
                <line number="22" hits="2" branch="False" />
              </lines>
            </method>
            <method name="get_SelfHarm" signature="()" line-rate="1" branch-rate="1" complexity="1">
              <lines>
                <line number="28" hits="2" branch="False" />
              </lines>
            </method>
            <method name="get_Sexual" signature="()" line-rate="1" branch-rate="1" complexity="1">
              <lines>
                <line number="37" hits="3" branch="False" />
              </lines>
            </method>
            <method name="get_SexualMinors" signature="()" line-rate="1" branch-rate="1" complexity="1">
              <lines>
                <line number="46" hits="2" branch="False" />
              </lines>
            </method>
            <method name="get_Violence" signature="()" line-rate="1" branch-rate="1" complexity="1">
              <lines>
                <line number="55" hits="3" branch="False" />
              </lines>
            </method>
            <method name="get_ViolenceGraphic" signature="()" line-rate="1" branch-rate="1" complexity="1">
              <lines>
                <line number="64" hits="2" branch="False" />
              </lines>
            </method>
          </methods>
          <lines>
            <line number="16" hits="3" branch="False" />
            <line number="22" hits="2" branch="False" />
            <line number="28" hits="2" branch="False" />
            <line number="37" hits="3" branch="False" />
            <line number="46" hits="2" branch="False" />
            <line number="55" hits="3" branch="False" />
            <line number="64" hits="2" branch="False" />
          </lines>
        </class>
        <class name="OpenAI.CategoryScores" filename="Entities\CategoryScores.cs" line-rate="1" branch-rate="1" complexity="7">
          <methods>
            <method name="get_Hate" signature="()" line-rate="1" branch-rate="1" complexity="1">
              <lines>
                <line number="16" hits="3" branch="False" />
              </lines>
            </method>
            <method name="get_HateThreatening" signature="()" line-rate="1" branch-rate="1" complexity="1">
              <lines>
                <line number="22" hits="2" branch="False" />
              </lines>
            </method>
            <method name="get_SelfHarm" signature="()" line-rate="1" branch-rate="1" complexity="1">
              <lines>
                <line number="28" hits="2" branch="False" />
              </lines>
            </method>
            <method name="get_Sexual" signature="()" line-rate="1" branch-rate="1" complexity="1">
              <lines>
                <line number="34" hits="3" branch="False" />
              </lines>
            </method>
            <method name="get_SexualMinors" signature="()" line-rate="1" branch-rate="1" complexity="1">
              <lines>
                <line number="40" hits="2" branch="False" />
              </lines>
            </method>
            <method name="get_Violence" signature="()" line-rate="1" branch-rate="1" complexity="1">
              <lines>
                <line number="46" hits="3" branch="False" />
              </lines>
            </method>
            <method name="get_ViolenceGraphic" signature="()" line-rate="1" branch-rate="1" complexity="1">
              <lines>
                <line number="52" hits="2" branch="False" />
              </lines>
            </method>
          </methods>
          <lines>
            <line number="16" hits="3" branch="False" />
            <line number="22" hits="2" branch="False" />
            <line number="28" hits="2" branch="False" />
            <line number="34" hits="3" branch="False" />
            <line number="40" hits="2" branch="False" />
            <line number="46" hits="3" branch="False" />
            <line number="52" hits="2" branch="False" />
          </lines>
        </class>
        <class name="OpenAI.ChatChoice" filename="Entities\ChatChoices.cs" line-rate="1" branch-rate="1" complexity="3">
          <methods>
            <method name="get_Message" signature="()" line-rate="1" branch-rate="1" complexity="1">
              <lines>
                <line number="16" hits="4" branch="False" />
              </lines>
            </method>
            <method name="get_Index" signature="()" line-rate="1" branch-rate="1" complexity="1">
              <lines>
                <line number="24" hits="2" branch="False" />
              </lines>
            </method>
            <method name="get_FinishReason" signature="()" line-rate="1" branch-rate="1" complexity="1">
              <lines>
                <line number="31" hits="2" branch="False" />
              </lines>
            </method>
          </methods>
          <lines>
            <line number="16" hits="4" branch="False" />
            <line number="24" hits="2" branch="False" />
            <line number="31" hits="2" branch="False" />
          </lines>
        </class>
        <class name="OpenAI.ChatCompletionMessage" filename="Entities\Chat\Completions\ChatCompletionMessage.cs" line-rate="1" branch-rate="1" complexity="2">
          <methods>
            <method name="get_Role" signature="()" line-rate="1" branch-rate="1" complexity="1">
              <lines>
                <line number="17" hits="8" branch="False" />
              </lines>
            </method>
            <method name="get_Content" signature="()" line-rate="1" branch-rate="1" complexity="1">
              <lines>
                <line number="23" hits="6" branch="False" />
              </lines>
            </method>
          </methods>
          <lines>
            <line number="17" hits="8" branch="False" />
            <line number="23" hits="6" branch="False" />
          </lines>
        </class>
        <class name="OpenAI.Choice" filename="Entities\Choice.cs" line-rate="1" branch-rate="1" complexity="4">
          <methods>
            <method name="get_Text" signature="()" line-rate="1" branch-rate="1" complexity="1">
              <lines>
                <line number="15" hits="6" branch="False" />
              </lines>
            </method>
            <method name="get_Index" signature="()" line-rate="1" branch-rate="1" complexity="1">
              <lines>
                <line number="21" hits="6" branch="False" />
              </lines>
            </method>
            <method name="get_LogProbs" signature="()" line-rate="1" branch-rate="1" complexity="1">
              <lines>
                <line number="27" hits="5" branch="False" />
              </lines>
            </method>
            <method name="get_FinishReason" signature="()" line-rate="1" branch-rate="1" complexity="1">
              <lines>
                <line number="33" hits="5" branch="False" />
              </lines>
            </method>
          </methods>
          <lines>
            <line number="15" hits="6" branch="False" />
            <line number="21" hits="6" branch="False" />
            <line number="27" hits="5" branch="False" />
            <line number="33" hits="5" branch="False" />
          </lines>
        </class>
        <class name="OpenAI.ChatCompletion" filename="Entities\Completions\ChatCompletion.cs" line-rate="1" branch-rate="1" complexity="6">
          <methods>
            <method name="get_Id" signature="()" line-rate="1" branch-rate="1" complexity="1">
              <lines>
                <line number="19" hits="2" branch="False" />
              </lines>
            </method>
            <method name="get_Object" signature="()" line-rate="1" branch-rate="1" complexity="1">
              <lines>
                <line number="25" hits="4" branch="False" />
              </lines>
            </method>
            <method name="get_Created" signature="()" line-rate="1" branch-rate="1" complexity="1">
              <lines>
                <line number="32" hits="4" branch="False" />
              </lines>
            </method>
            <method name="get_Model" signature="()" line-rate="1" branch-rate="1" complexity="1">
              <lines>
                <line number="38" hits="2" branch="False" />
              </lines>
            </method>
            <method name="get_Choices" signature="()" line-rate="1" branch-rate="1" complexity="1">
              <lines>
                <line number="44" hits="4" branch="False" />
              </lines>
            </method>
            <method name="get_Usage" signature="()" line-rate="1" branch-rate="1" complexity="1">
              <lines>
                <line number="50" hits="4" branch="False" />
              </lines>
            </method>
          </methods>
          <lines>
            <line number="19" hits="2" branch="False" />
            <line number="25" hits="4" branch="False" />
            <line number="32" hits="4" branch="False" />
            <line number="38" hits="2" branch="False" />
            <line number="44" hits="4" branch="False" />
            <line number="50" hits="4" branch="False" />
          </lines>
        </class>
        <class name="OpenAI.Completion" filename="Entities\Completions\Completion.cs" line-rate="1" branch-rate="1" complexity="6">
          <methods>
            <method name="get_Id" signature="()" line-rate="1" branch-rate="1" complexity="1">
              <lines>
                <line number="19" hits="4" branch="False" />
              </lines>
            </method>
            <method name="get_Object" signature="()" line-rate="1" branch-rate="1" complexity="1">
              <lines>
                <line number="25" hits="6" branch="False" />
              </lines>
            </method>
            <method name="get_Created" signature="()" line-rate="1" branch-rate="1" complexity="1">
              <lines>
                <line number="32" hits="6" branch="False" />
              </lines>
            </method>
            <method name="get_Model" signature="()" line-rate="1" branch-rate="1" complexity="1">
              <lines>
                <line number="38" hits="3" branch="False" />
              </lines>
            </method>
            <method name="get_Choices" signature="()" line-rate="1" branch-rate="1" complexity="1">
              <lines>
                <line number="44" hits="6" branch="False" />
              </lines>
            </method>
            <method name="get_Usage" signature="()" line-rate="1" branch-rate="1" complexity="1">
              <lines>
                <line number="50" hits="6" branch="False" />
              </lines>
            </method>
          </methods>
          <lines>
            <line number="19" hits="4" branch="False" />
            <line number="25" hits="6" branch="False" />
            <line number="32" hits="6" branch="False" />
            <line number="38" hits="3" branch="False" />
            <line number="44" hits="6" branch="False" />
            <line number="50" hits="6" branch="False" />
          </lines>
        </class>
        <class name="OpenAI.Edit" filename="Entities\Edits\Edit.cs" line-rate="1" branch-rate="1" complexity="4">
          <methods>
            <method name="get_Object" signature="()" line-rate="1" branch-rate="1" complexity="1">
              <lines>
                <line number="18" hits="6" branch="False" />
              </lines>
            </method>
            <method name="get_Created" signature="()" line-rate="1" branch-rate="1" complexity="1">
              <lines>
                <line number="25" hits="6" branch="False" />
              </lines>
            </method>
            <method name="get_Choices" signature="()" line-rate="1" branch-rate="1" complexity="1">
              <lines>
                <line number="31" hits="6" branch="False" />
              </lines>
            </method>
            <method name="get_Usage" signature="()" line-rate="1" branch-rate="1" complexity="1">
              <lines>
                <line number="37" hits="6" branch="False" />
              </lines>
            </method>
          </methods>
          <lines>
            <line number="18" hits="6" branch="False" />
            <line number="25" hits="6" branch="False" />
            <line number="31" hits="6" branch="False" />
            <line number="37" hits="6" branch="False" />
          </lines>
        </class>
        <class name="OpenAI.EmbeddingData" filename="Entities\EmbeddingData.cs" line-rate="1" branch-rate="1" complexity="3">
          <methods>
            <method name="get_Object" signature="()" line-rate="1" branch-rate="1" complexity="1">
              <lines>
                <line number="16" hits="6" branch="False" />
              </lines>
            </method>
            <method name="get_Index" signature="()" line-rate="1" branch-rate="1" complexity="1">
              <lines>
                <line number="22" hits="1" branch="False" />
              </lines>
            </method>
            <method name="get_Embedding" signature="()" line-rate="1" branch-rate="1" complexity="1">
              <lines>
                <line number="28" hits="6" branch="False" />
              </lines>
            </method>
          </methods>
          <lines>
            <line number="16" hits="6" branch="False" />
            <line number="22" hits="1" branch="False" />
            <line number="28" hits="6" branch="False" />
          </lines>
        </class>
        <class name="OpenAI.Embedding" filename="Entities\Embeddings\Embedding.cs" line-rate="1" branch-rate="1" complexity="4">
          <methods>
            <method name="get_Object" signature="()" line-rate="1" branch-rate="1" complexity="1">
              <lines>
                <line number="16" hits="5" branch="False" />
              </lines>
            </method>
            <method name="get_Data" signature="()" line-rate="1" branch-rate="1" complexity="1">
              <lines>
                <line number="22" hits="12" branch="False" />
              </lines>
            </method>
            <method name="get_Model" signature="()" line-rate="1" branch-rate="1" complexity="1">
              <lines>
                <line number="28" hits="6" branch="False" />
              </lines>
            </method>
            <method name="get_Usage" signature="()" line-rate="1" branch-rate="1" complexity="1">
              <lines>
                <line number="34" hits="6" branch="False" />
              </lines>
            </method>
          </methods>
          <lines>
            <line number="16" hits="5" branch="False" />
            <line number="22" hits="12" branch="False" />
            <line number="28" hits="6" branch="False" />
            <line number="34" hits="6" branch="False" />
          </lines>
        </class>
        <class name="OpenAI.Engine" filename="Entities\Engines\Engine.cs" line-rate="1" branch-rate="1" complexity="4">
          <methods>
            <method name="get_Id" signature="()" line-rate="1" branch-rate="1" complexity="1">
              <lines>
                <line number="17" hits="119" branch="False" />
              </lines>
            </method>
            <method name="get_Object" signature="()" line-rate="1" branch-rate="1" complexity="1">
              <lines>
                <line number="23" hits="121" branch="False" />
              </lines>
            </method>
            <method name="get_Owner" signature="()" line-rate="1" branch-rate="1" complexity="1">
              <lines>
                <line number="29" hits="115" branch="False" />
              </lines>
            </method>
            <method name="get_Ready" signature="()" line-rate="1" branch-rate="1" complexity="1">
              <lines>
                <line number="35" hits="115" branch="False" />
              </lines>
            </method>
          </methods>
          <lines>
            <line number="17" hits="119" branch="False" />
            <line number="23" hits="121" branch="False" />
            <line number="29" hits="115" branch="False" />
            <line number="35" hits="115" branch="False" />
          </lines>
        </class>
        <class name="OpenAI.Event" filename="Entities\Event.cs" line-rate="1" branch-rate="1" complexity="4">
          <methods>
            <method name="get_Object" signature="()" line-rate="1" branch-rate="1" complexity="1">
              <lines>
                <line number="17" hits="37" branch="False" />
              </lines>
            </method>
            <method name="get_CreatedAt" signature="()" line-rate="1" branch-rate="1" complexity="1">
              <lines>
                <line number="24" hits="68" branch="False" />
              </lines>
            </method>
            <method name="get_Level" signature="()" line-rate="1" branch-rate="1" complexity="1">
              <lines>
                <line number="30" hits="34" branch="False" />
              </lines>
            </method>
            <method name="get_Message" signature="()" line-rate="1" branch-rate="1" complexity="1">
              <lines>
                <line number="36" hits="34" branch="False" />
              </lines>
            </method>
          </methods>
          <lines>
            <line number="17" hits="37" branch="False" />
            <line number="24" hits="68" branch="False" />
            <line number="30" hits="34" branch="False" />
            <line number="36" hits="34" branch="False" />
          </lines>
        </class>
        <class name="OpenAI.File" filename="Entities\Files\File.cs" line-rate="0.8332999999999999" branch-rate="1" complexity="6">
          <methods>
            <method name="get_Id" signature="()" line-rate="1" branch-rate="1" complexity="1">
              <lines>
                <line number="17" hits="12" branch="False" />
              </lines>
            </method>
            <method name="get_Object" signature="()" line-rate="1" branch-rate="1" complexity="1">
              <lines>
                <line number="23" hits="18" branch="False" />
              </lines>
            </method>
            <method name="get_Bytes" signature="()" line-rate="1" branch-rate="1" complexity="1">
              <lines>
                <line number="29" hits="9" branch="False" />
              </lines>
            </method>
            <method name="get_Created" signature="()" line-rate="0" branch-rate="1" complexity="1">
              <lines>
                <line number="36" hits="0" branch="False" />
              </lines>
            </method>
            <method name="get_Filename" signature="()" line-rate="1" branch-rate="1" complexity="1">
              <lines>
                <line number="42" hits="9" branch="False" />
              </lines>
            </method>
            <method name="get_Purpose" signature="()" line-rate="1" branch-rate="1" complexity="1">
              <lines>
                <line number="48" hits="9" branch="False" />
              </lines>
            </method>
          </methods>
          <lines>
            <line number="17" hits="12" branch="False" />
            <line number="23" hits="18" branch="False" />
            <line number="29" hits="9" branch="False" />
            <line number="36" hits="0" branch="False" />
            <line number="42" hits="9" branch="False" />
            <line number="48" hits="9" branch="False" />
          </lines>
        </class>
        <class name="OpenAI.FileContent" filename="Entities\Files\FileContent.cs" line-rate="1" branch-rate="1" complexity="1">
          <methods>
            <method name="get_Content" signature="()" line-rate="1" branch-rate="1" complexity="1">
              <lines>
                <line number="15" hits="4" branch="False" />
              </lines>
            </method>
          </methods>
          <lines>
            <line number="15" hits="4" branch="False" />
          </lines>
        </class>
        <class name="OpenAI.FineTune" filename="Entities\FineTunes\FineTune.cs" line-rate="1" branch-rate="1" complexity="13">
          <methods>
            <method name="get_Id" signature="()" line-rate="1" branch-rate="1" complexity="1">
              <lines>
                <line number="18" hits="14" branch="False" />
              </lines>
            </method>
            <method name="get_Object" signature="()" line-rate="1" branch-rate="1" complexity="1">
              <lines>
                <line number="24" hits="22" branch="False" />
              </lines>
            </method>
            <method name="get_Model" signature="()" line-rate="1" branch-rate="1" complexity="1">
              <lines>
                <line number="30" hits="13" branch="False" />
              </lines>
            </method>
            <method name="get_CreatedAt" signature="()" line-rate="1" branch-rate="1" complexity="1">
              <lines>
                <line number="37" hits="26" branch="False" />
              </lines>
            </method>
            <method name="get_Events" signature="()" line-rate="1" branch-rate="1" complexity="1">
              <lines>
                <line number="43" hits="14" branch="False" />
              </lines>
            </method>
            <method name="get_FineTunedModel" signature="()" line-rate="1" branch-rate="1" complexity="1">
              <lines>
                <line number="49" hits="13" branch="False" />
              </lines>
            </method>
            <method name="get_Hyperparams" signature="()" line-rate="1" branch-rate="1" complexity="1">
              <lines>
                <line number="55" hits="26" branch="False" />
              </lines>
            </method>
            <method name="get_OrganizationId" signature="()" line-rate="1" branch-rate="1" complexity="1">
              <lines>
                <line number="61" hits="13" branch="False" />
              </lines>
            </method>
            <method name="get_ResultFiles" signature="()" line-rate="1" branch-rate="1" complexity="1">
              <lines>
                <line number="67" hits="22" branch="False" />
              </lines>
            </method>
            <method name="get_Status" signature="()" line-rate="1" branch-rate="1" complexity="1">
              <lines>
                <line number="73" hits="13" branch="False" />
              </lines>
            </method>
            <method name="get_ValidationFiles" signature="()" line-rate="1" branch-rate="1" complexity="1">
              <lines>
                <line number="79" hits="26" branch="False" />
              </lines>
            </method>
            <method name="get_TrainingFiles" signature="()" line-rate="1" branch-rate="1" complexity="1">
              <lines>
                <line number="85" hits="26" branch="False" />
              </lines>
            </method>
            <method name="get_UpdatedAt" signature="()" line-rate="1" branch-rate="1" complexity="1">
              <lines>
                <line number="92" hits="26" branch="False" />
              </lines>
            </method>
          </methods>
          <lines>
            <line number="18" hits="14" branch="False" />
            <line number="24" hits="22" branch="False" />
            <line number="30" hits="13" branch="False" />
            <line number="37" hits="26" branch="False" />
            <line number="43" hits="14" branch="False" />
            <line number="49" hits="13" branch="False" />
            <line number="55" hits="26" branch="False" />
            <line number="61" hits="13" branch="False" />
            <line number="67" hits="22" branch="False" />
            <line number="73" hits="13" branch="False" />
            <line number="79" hits="26" branch="False" />
            <line number="85" hits="26" branch="False" />
            <line number="92" hits="26" branch="False" />
          </lines>
        </class>
        <class name="OpenAI.FineTuneEvents" filename="Entities\FineTunes\FineTuneEvents.cs" line-rate="1" branch-rate="1" complexity="2">
          <methods>
            <method name="get_Object" signature="()" line-rate="1" branch-rate="1" complexity="1">
              <lines>
                <line number="16" hits="6" branch="False" />
              </lines>
            </method>
            <method name="get_Data" signature="()" line-rate="1" branch-rate="1" complexity="1">
              <lines>
                <line number="22" hits="11" branch="False" />
              </lines>
            </method>
          </methods>
          <lines>
            <line number="16" hits="6" branch="False" />
            <line number="22" hits="11" branch="False" />
          </lines>
        </class>
        <class name="OpenAI.Hyperparams" filename="Entities\HyperParams.cs" line-rate="0.75" branch-rate="1" complexity="4">
          <methods>
            <method name="get_Object" signature="()" line-rate="0" branch-rate="1" complexity="1">
              <lines>
                <line number="15" hits="0" branch="False" />
              </lines>
            </method>
            <method name="get_BatchSize" signature="()" line-rate="1" branch-rate="1" complexity="1">
              <lines>
                <line number="21" hits="13" branch="False" />
              </lines>
            </method>
            <method name="get_NEpochs" signature="()" line-rate="1" branch-rate="1" complexity="1">
              <lines>
                <line number="27" hits="13" branch="False" />
              </lines>
            </method>
            <method name="get_PromptLossWeight" signature="()" line-rate="1" branch-rate="1" complexity="1">
              <lines>
                <line number="33" hits="13" branch="False" />
              </lines>
            </method>
          </methods>
          <lines>
            <line number="15" hits="0" branch="False" />
            <line number="21" hits="13" branch="False" />
            <line number="27" hits="13" branch="False" />
            <line number="33" hits="13" branch="False" />
          </lines>
        </class>
        <class name="OpenAI.ImageData" filename="Entities\ImageData.cs" line-rate="0.5" branch-rate="1" complexity="2">
          <methods>
            <method name="get_Url" signature="()" line-rate="1" branch-rate="1" complexity="1">
              <lines>
                <line number="15" hits="21" branch="False" />
              </lines>
            </method>
            <method name="get_B64Json" signature="()" line-rate="0" branch-rate="1" complexity="1">
              <lines>
                <line number="21" hits="0" branch="False" />
              </lines>
            </method>
          </methods>
          <lines>
            <line number="15" hits="21" branch="False" />
            <line number="21" hits="0" branch="False" />
          </lines>
        </class>
        <class name="OpenAI.Image" filename="Entities\Images\Image.cs" line-rate="1" branch-rate="1" complexity="2">
          <methods>
            <method name="get_Created" signature="()" line-rate="1" branch-rate="1" complexity="1">
              <lines>
                <line number="19" hits="14" branch="False" />
              </lines>
            </method>
            <method name="get_Data" signature="()" line-rate="1" branch-rate="1" complexity="1">
              <lines>
                <line number="25" hits="28" branch="False" />
              </lines>
            </method>
          </methods>
          <lines>
            <line number="19" hits="14" branch="False" />
            <line number="25" hits="28" branch="False" />
          </lines>
        </class>
        <class name="OpenAI.Model" filename="Entities\Models\Model.cs" line-rate="0.875" branch-rate="1" complexity="8">
          <methods>
            <method name="get_Id" signature="()" line-rate="1" branch-rate="1" complexity="1">
              <lines>
                <line number="19" hits="138" branch="False" />
              </lines>
            </method>
            <method name="get_Object" signature="()" line-rate="1" branch-rate="1" complexity="1">
              <lines>
                <line number="25" hits="144" branch="False" />
              </lines>
            </method>
            <method name="get_Created" signature="()" line-rate="1" branch-rate="1" complexity="1">
              <lines>
                <line number="32" hits="270" branch="False" />
              </lines>
            </method>
            <method name="get_OwnedBy" signature="()" line-rate="1" branch-rate="1" complexity="1">
              <lines>
                <line number="38" hits="135" branch="False" />
              </lines>
            </method>
            <method name="get_Permissions" signature="()" line-rate="1" branch-rate="1" complexity="1">
              <lines>
                <line number="45" hits="270" branch="False" />
              </lines>
            </method>
            <method name="get_Root" signature="()" line-rate="1" branch-rate="1" complexity="1">
              <lines>
                <line number="51" hits="135" branch="False" />
              </lines>
            </method>
            <method name="get_Parent" signature="()" line-rate="0" branch-rate="1" complexity="1">
              <lines>
                <line number="57" hits="0" branch="False" />
              </lines>
            </method>
            <method name="get_Deleted" signature="()" line-rate="1" branch-rate="1" complexity="1">
              <lines>
                <line number="63" hits="4" branch="False" />
              </lines>
            </method>
          </methods>
          <lines>
            <line number="19" hits="138" branch="False" />
            <line number="25" hits="144" branch="False" />
            <line number="32" hits="270" branch="False" />
            <line number="38" hits="135" branch="False" />
            <line number="45" hits="270" branch="False" />
            <line number="51" hits="135" branch="False" />
            <line number="57" hits="0" branch="False" />
            <line number="63" hits="4" branch="False" />
          </lines>
        </class>
        <class name="OpenAI.ModerationResult" filename="Entities\ModerationResult.cs" line-rate="1" branch-rate="1" complexity="3">
          <methods>
            <method name="get_Categories" signature="()" line-rate="1" branch-rate="1" complexity="1">
              <lines>
                <line number="15" hits="8" branch="False" />
              </lines>
            </method>
            <method name="get_CategoryScores" signature="()" line-rate="1" branch-rate="1" complexity="1">
              <lines>
                <line number="21" hits="8" branch="False" />
              </lines>
            </method>
            <method name="get_Flagged" signature="()" line-rate="1" branch-rate="1" complexity="1">
              <lines>
                <line number="30" hits="3" branch="False" />
              </lines>
            </method>
          </methods>
          <lines>
            <line number="15" hits="8" branch="False" />
            <line number="21" hits="8" branch="False" />
            <line number="30" hits="3" branch="False" />
          </lines>
        </class>
        <class name="OpenAI.Moderation" filename="Entities\Moderations\Moderation.cs" line-rate="1" branch-rate="1" complexity="3">
          <methods>
            <method name="get_Id" signature="()" line-rate="1" branch-rate="1" complexity="1">
              <lines>
                <line number="16" hits="4" branch="False" />
              </lines>
            </method>
            <method name="get_Model" signature="()" line-rate="1" branch-rate="1" complexity="1">
              <lines>
                <line number="22" hits="3" branch="False" />
              </lines>
            </method>
            <method name="get_Results" signature="()" line-rate="1" branch-rate="1" complexity="1">
              <lines>
                <line number="28" hits="15" branch="False" />
              </lines>
            </method>
          </methods>
          <lines>
            <line number="16" hits="4" branch="False" />
            <line number="22" hits="3" branch="False" />
            <line number="28" hits="15" branch="False" />
          </lines>
        </class>
        <class name="OpenAI.OpenAIError" filename="Entities\OpenAIError.cs" line-rate="0" branch-rate="1" complexity="4">
          <methods>
            <method name="get_Message" signature="()" line-rate="0" branch-rate="1" complexity="1">
              <lines>
                <line number="17" hits="0" branch="False" />
              </lines>
            </method>
            <method name="get_Type" signature="()" line-rate="0" branch-rate="1" complexity="1">
              <lines>
                <line number="23" hits="0" branch="False" />
              </lines>
            </method>
            <method name="get_Param" signature="()" line-rate="0" branch-rate="1" complexity="1">
              <lines>
                <line number="30" hits="0" branch="False" />
              </lines>
            </method>
            <method name="get_Code" signature="()" line-rate="0" branch-rate="1" complexity="1">
              <lines>
                <line number="36" hits="0" branch="False" />
              </lines>
            </method>
          </methods>
          <lines>
            <line number="17" hits="0" branch="False" />
            <line number="23" hits="0" branch="False" />
            <line number="30" hits="0" branch="False" />
            <line number="36" hits="0" branch="False" />
          </lines>
        </class>
        <class name="OpenAI.OpenAIList`1" filename="Entities\OpenAIList.cs" line-rate="0.3333" branch-rate="1" complexity="5">
          <methods>
            <method name="get_Object" signature="()" line-rate="1" branch-rate="1" complexity="1">
              <lines>
                <line number="20" hits="16" branch="False" />
              </lines>
            </method>
            <method name="get_Data" signature="()" line-rate="1" branch-rate="1" complexity="1">
              <lines>
                <line number="26" hits="32" branch="False" />
              </lines>
            </method>
            <method name="GetEnumerator" signature="()" line-rate="0" branch-rate="1" complexity="1">
              <lines>
                <line number="36" hits="0" branch="False" />
              </lines>
            </method>
            <method name="System.Collections.IEnumerable.GetEnumerator" signature="()" line-rate="0" branch-rate="1" complexity="1">
              <lines>
                <line number="47" hits="0" branch="False" />
              </lines>
            </method>
            <method name="Reverse" signature="()" line-rate="0" branch-rate="1" complexity="1">
              <lines>
                <line number="55" hits="0" branch="False" />
                <line number="56" hits="0" branch="False" />
              </lines>
            </method>
          </methods>
          <lines>
            <line number="20" hits="16" branch="False" />
            <line number="26" hits="32" branch="False" />
            <line number="36" hits="0" branch="False" />
            <line number="47" hits="0" branch="False" />
            <line number="55" hits="0" branch="False" />
            <line number="56" hits="0" branch="False" />
          </lines>
        </class>
        <class name="OpenAI.Permission" filename="Entities\Permission.cs" line-rate="1" branch-rate="1" complexity="12">
          <methods>
            <method name="get_Id" signature="()" line-rate="1" branch-rate="1" complexity="1">
              <lines>
                <line number="17" hits="135" branch="False" />
              </lines>
            </method>
            <method name="get_Object" signature="()" line-rate="1" branch-rate="1" complexity="1">
              <lines>
                <line number="23" hits="135" branch="False" />
              </lines>
            </method>
            <method name="get_Created" signature="()" line-rate="1" branch-rate="1" complexity="1">
              <lines>
                <line number="30" hits="270" branch="False" />
              </lines>
            </method>
            <method name="get_AllowCreateEngine" signature="()" line-rate="1" branch-rate="1" complexity="1">
              <lines>
                <line number="39" hits="135" branch="False" />
              </lines>
            </method>
            <method name="get_AllowSampling" signature="()" line-rate="1" branch-rate="1" complexity="1">
              <lines>
                <line number="48" hits="135" branch="False" />
              </lines>
            </method>
            <method name="get_AllowLogprobs" signature="()" line-rate="1" branch-rate="1" complexity="1">
              <lines>
                <line number="57" hits="135" branch="False" />
              </lines>
            </method>
            <method name="get_AllowSearchIndices" signature="()" line-rate="1" branch-rate="1" complexity="1">
              <lines>
                <line number="66" hits="135" branch="False" />
              </lines>
            </method>
            <method name="get_AllowView" signature="()" line-rate="1" branch-rate="1" complexity="1">
              <lines>
                <line number="75" hits="135" branch="False" />
              </lines>
            </method>
            <method name="get_AllowFineTuning" signature="()" line-rate="1" branch-rate="1" complexity="1">
              <lines>
                <line number="84" hits="135" branch="False" />
              </lines>
            </method>
            <method name="get_Organization" signature="()" line-rate="1" branch-rate="1" complexity="1">
              <lines>
                <line number="90" hits="135" branch="False" />
              </lines>
            </method>
            <method name="get_Group" signature="()" line-rate="1" branch-rate="1" complexity="1">
              <lines>
                <line number="96" hits="135" branch="False" />
              </lines>
            </method>
            <method name="get_IsBlocking" signature="()" line-rate="1" branch-rate="1" complexity="1">
              <lines>
                <line number="105" hits="135" branch="False" />
              </lines>
            </method>
          </methods>
          <lines>
            <line number="17" hits="135" branch="False" />
            <line number="23" hits="135" branch="False" />
            <line number="30" hits="270" branch="False" />
            <line number="39" hits="135" branch="False" />
            <line number="48" hits="135" branch="False" />
            <line number="57" hits="135" branch="False" />
            <line number="66" hits="135" branch="False" />
            <line number="75" hits="135" branch="False" />
            <line number="84" hits="135" branch="False" />
            <line number="90" hits="135" branch="False" />
            <line number="96" hits="135" branch="False" />
            <line number="105" hits="135" branch="False" />
          </lines>
        </class>
        <class name="OpenAI.ResultFiles" filename="Entities\ResultFiles.cs" line-rate="1" branch-rate="1" complexity="6">
          <methods>
            <method name="get_Id" signature="()" line-rate="1" branch-rate="1" complexity="1">
              <lines>
                <line number="17" hits="3" branch="False" />
              </lines>
            </method>
            <method name="get_Object" signature="()" line-rate="1" branch-rate="1" complexity="1">
              <lines>
                <line number="23" hits="3" branch="False" />
              </lines>
            </method>
            <method name="get_Bytes" signature="()" line-rate="1" branch-rate="1" complexity="1">
              <lines>
                <line number="29" hits="3" branch="False" />
              </lines>
            </method>
            <method name="get_CreatedAt" signature="()" line-rate="1" branch-rate="1" complexity="1">
              <lines>
                <line number="36" hits="6" branch="False" />
              </lines>
            </method>
            <method name="get_Filename" signature="()" line-rate="1" branch-rate="1" complexity="1">
              <lines>
                <line number="42" hits="3" branch="False" />
              </lines>
            </method>
            <method name="get_Purpose" signature="()" line-rate="1" branch-rate="1" complexity="1">
              <lines>
                <line number="48" hits="3" branch="False" />
              </lines>
            </method>
          </methods>
          <lines>
            <line number="17" hits="3" branch="False" />
            <line number="23" hits="3" branch="False" />
            <line number="29" hits="3" branch="False" />
            <line number="36" hits="6" branch="False" />
            <line number="42" hits="3" branch="False" />
            <line number="48" hits="3" branch="False" />
          </lines>
        </class>
        <class name="OpenAI.TrainingFiles" filename="Entities\TrainingFiles.cs" line-rate="1" branch-rate="1" complexity="6">
          <methods>
            <method name="get_Id" signature="()" line-rate="1" branch-rate="1" complexity="1">
              <lines>
                <line number="17" hits="13" branch="False" />
              </lines>
            </method>
            <method name="get_Object" signature="()" line-rate="1" branch-rate="1" complexity="1">
              <lines>
                <line number="23" hits="13" branch="False" />
              </lines>
            </method>
            <method name="get_Bytes" signature="()" line-rate="1" branch-rate="1" complexity="1">
              <lines>
                <line number="29" hits="13" branch="False" />
              </lines>
            </method>
            <method name="get_CreatedAt" signature="()" line-rate="1" branch-rate="1" complexity="1">
              <lines>
                <line number="36" hits="26" branch="False" />
              </lines>
            </method>
            <method name="get_FileName" signature="()" line-rate="1" branch-rate="1" complexity="1">
              <lines>
                <line number="42" hits="13" branch="False" />
              </lines>
            </method>
            <method name="get_Purpose" signature="()" line-rate="1" branch-rate="1" complexity="1">
              <lines>
                <line number="48" hits="13" branch="False" />
              </lines>
            </method>
          </methods>
          <lines>
            <line number="17" hits="13" branch="False" />
            <line number="23" hits="13" branch="False" />
            <line number="29" hits="13" branch="False" />
            <line number="36" hits="26" branch="False" />
            <line number="42" hits="13" branch="False" />
            <line number="48" hits="13" branch="False" />
          </lines>
        </class>
        <class name="OpenAI.Usage" filename="Entities\Usage.cs" line-rate="1" branch-rate="1" complexity="3">
          <methods>
            <method name="get_PromptTokens" signature="()" line-rate="1" branch-rate="1" complexity="1">
              <lines>
                <line number="15" hits="11" branch="False" />
              </lines>
            </method>
            <method name="get_CompletionTokens" signature="()" line-rate="1" branch-rate="1" complexity="1">
              <lines>
                <line number="21" hits="8" branch="False" />
              </lines>
            </method>
            <method name="get_TotalTokens" signature="()" line-rate="1" branch-rate="1" complexity="1">
              <lines>
                <line number="27" hits="11" branch="False" />
              </lines>
            </method>
          </methods>
          <lines>
            <line number="15" hits="11" branch="False" />
            <line number="21" hits="8" branch="False" />
            <line number="27" hits="11" branch="False" />
          </lines>
        </class>
        <class name="OpenAI.OpenAIClient" filename="Infrastructure\Public\OpenAIClient.cs" line-rate="0.7128" branch-rate="0.6515000000000001" complexity="74">
          <methods>
            <method name="get_DefaultApiBase" signature="()" line-rate="1" branch-rate="1" complexity="1">
              <lines>
                <line number="176" hits="102" branch="False" />
              </lines>
            </method>
            <method name="get_ApiBase" signature="()" line-rate="1" branch-rate="1" complexity="1">
              <lines>
                <line number="180" hits="68" branch="False" />
              </lines>
            </method>
            <method name="get_ApiKey" signature="()" line-rate="1" branch-rate="1" complexity="1">
              <lines>
                <line number="184" hits="71" branch="False" />
              </lines>
            </method>
            <method name="get_OrganizationId" signature="()" line-rate="1" branch-rate="1" complexity="1">
              <lines>
                <line number="188" hits="1" branch="False" />
              </lines>
            </method>
            <method name="get_HttpClient" signature="()" line-rate="1" branch-rate="1" complexity="1">
              <lines>
                <line number="192" hits="60" branch="False" />
              </lines>
            </method>
            <method name="RequestAsync" signature="(System.Net.Http.HttpMethod,System.String,OpenAI.BaseOptions,OpenAI.RequestOptions)" line-rate="1" branch-rate="1" complexity="1">
              <lines>
                <line number="209" hits="4" branch="False" />
              </lines>
            </method>
            <method name="BuildDefaultHttpClient" signature="()" line-rate="1" branch-rate="1" complexity="1">
              <lines>
                <line number="247" hits="95" branch="False" />
              </lines>
            </method>
            <method name="ProcessResponse" signature="(OpenAI.OpenAIResponse)" line-rate="1" branch-rate="1" complexity="2">
              <lines>
                <line number="253" hits="55" branch="True" condition-coverage="100% (2/2)">
                  <conditions>
                    <condition number="11" type="jump" coverage="100%" />
                  </conditions>
                </line>
                <line number="255" hits="2" branch="False" />
                <line number="261" hits="53" branch="False" />
                <line number="262" hits="52" branch="False" />
                <line number="263" hits="1" branch="False" />
                <line number="265" hits="1" branch="False" />
                <line number="268" hits="52" branch="False" />
                <line number="270" hits="52" branch="False" />
              </lines>
            </method>
            <method name="BuildOpenAIException" signature="(OpenAI.OpenAIResponse)" line-rate="0.42100000000000004" branch-rate="0.25" complexity="4">
              <lines>
                <line number="279" hits="2" branch="False" />
                <line number="280" hits="1" branch="False" />
                <line number="281" hits="1" branch="False" />
                <line number="283" hits="1" branch="False" />
                <line number="290" hits="1" branch="False" />
                <line number="291" hits="1" branch="True" condition-coverage="50% (1/2)">
                  <conditions>
                    <condition number="37" type="jump" coverage="50%" />
                  </conditions>
                </line>
                <line number="293" hits="1" branch="False" />
                <line number="296" hits="0" branch="True" condition-coverage="0% (0/2)">
                  <conditions>
                    <condition number="53" type="jump" coverage="0%" />
                  </conditions>
                </line>
                <line number="297" hits="0" branch="False" />
                <line number="298" hits="0" branch="False" />
                <line number="300" hits="0" branch="False" />
                <line number="302" hits="0" branch="False" />
                <line number="303" hits="0" branch="False" />
                <line number="304" hits="0" branch="False" />
                <line number="305" hits="0" branch="False" />
                <line number="306" hits="0" branch="False" />
                <line number="307" hits="0" branch="False" />
                <line number="308" hits="0" branch="False" />
                <line number="309" hits="1" branch="False" />
              </lines>
            </method>
            <method name="BuildInvalidResponseException" signature="(OpenAI.OpenAIResponse)" line-rate="1" branch-rate="1" complexity="1">
              <lines>
                <line number="313" hits="3" branch="False" />
                <line number="314" hits="3" branch="False" />
                <line number="315" hits="3" branch="False" />
                <line number="316" hits="3" branch="False" />
                <line number="317" hits="3" branch="False" />
                <line number="318" hits="3" branch="False" />
                <line number="319" hits="3" branch="False" />
              </lines>
            </method>
            <method name=".ctor" signature="(System.String)" line-rate="1" branch-rate="1" complexity="8">
              <lines>
                <line number="23" hits="74" branch="False" />
                <line number="25" hits="74" branch="True" condition-coverage="100% (4/4)">
                  <conditions>
                    <condition number="7" type="jump" coverage="100%" />
                    <condition number="15" type="jump" coverage="100%" />
                  </conditions>
                </line>
                <line number="27" hits="1" branch="False" />
                <line number="30" hits="73" branch="True" condition-coverage="100% (4/4)">
                  <conditions>
                    <condition number="34" type="jump" coverage="100%" />
                    <condition number="42" type="jump" coverage="100%" />
                  </conditions>
                </line>
                <line number="32" hits="1" branch="False" />
                <line number="35" hits="72" branch="False" />
                <line number="36" hits="72" branch="False" />
                <line number="37" hits="72" branch="False" />
                <line number="38" hits="72" branch="False" />
                <line number="39" hits="72" branch="False" />
              </lines>
            </method>
            <method name=".ctor" signature="(System.String,OpenAI.IHttpClient)" line-rate="0.8" branch-rate="0.7" complexity="10">
              <lines>
                <line number="48" hits="28" branch="False" />
                <line number="50" hits="28" branch="True" condition-coverage="75% (3/4)">
                  <conditions>
                    <condition number="7" type="jump" coverage="100%" />
                    <condition number="15" type="jump" coverage="50%" />
                  </conditions>
                </line>
                <line number="52" hits="0" branch="False" />
                <line number="55" hits="28" branch="True" condition-coverage="75% (3/4)">
                  <conditions>
                    <condition number="34" type="jump" coverage="100%" />
                    <condition number="42" type="jump" coverage="50%" />
                  </conditions>
                </line>
                <line number="57" hits="0" branch="False" />
                <line number="60" hits="28" branch="False" />
                <line number="61" hits="28" branch="False" />
                <line number="62" hits="28" branch="True" condition-coverage="50% (1/2)">
                  <conditions>
                    <condition number="77" type="jump" coverage="50%" />
                  </conditions>
                </line>
                <line number="63" hits="28" branch="False" />
                <line number="64" hits="28" branch="False" />
              </lines>
            </method>
            <method name=".ctor" signature="(System.String,OpenAI.IHttpClient,System.String)" line-rate="0.8" branch-rate="0.75" complexity="12">
              <lines>
                <line number="74" hits="5" branch="False" />
                <line number="76" hits="5" branch="True" condition-coverage="75% (3/4)">
                  <conditions>
                    <condition number="7" type="jump" coverage="100%" />
                    <condition number="15" type="jump" coverage="50%" />
                  </conditions>
                </line>
                <line number="78" hits="0" branch="False" />
                <line number="81" hits="5" branch="True" condition-coverage="75% (3/4)">
                  <conditions>
                    <condition number="34" type="jump" coverage="100%" />
                    <condition number="42" type="jump" coverage="50%" />
                  </conditions>
                </line>
                <line number="83" hits="0" branch="False" />
                <line number="86" hits="5" branch="False" />
                <line number="87" hits="5" branch="False" />
                <line number="88" hits="5" branch="True" condition-coverage="100% (2/2)">
                  <conditions>
                    <condition number="77" type="jump" coverage="100%" />
                  </conditions>
                </line>
                <line number="89" hits="5" branch="True" condition-coverage="50% (1/2)">
                  <conditions>
                    <condition number="93" type="jump" coverage="50%" />
                  </conditions>
                </line>
                <line number="90" hits="5" branch="False" />
              </lines>
            </method>
            <method name=".ctor" signature="(System.String,System.String)" line-rate="0" branch-rate="0" complexity="8">
              <lines>
                <line number="99" hits="0" branch="False" />
                <line number="101" hits="0" branch="True" condition-coverage="0% (0/4)">
                  <conditions>
                    <condition number="7" type="jump" coverage="0%" />
                    <condition number="15" type="jump" coverage="0%" />
                  </conditions>
                </line>
                <line number="103" hits="0" branch="False" />
                <line number="106" hits="0" branch="True" condition-coverage="0% (0/4)">
                  <conditions>
                    <condition number="34" type="jump" coverage="0%" />
                    <condition number="42" type="jump" coverage="0%" />
                  </conditions>
                </line>
                <line number="108" hits="0" branch="False" />
                <line number="111" hits="0" branch="False" />
                <line number="112" hits="0" branch="False" />
                <line number="113" hits="0" branch="False" />
                <line number="114" hits="0" branch="False" />
                <line number="115" hits="0" branch="False" />
              </lines>
            </method>
            <method name=".ctor" signature="(System.String,System.String,OpenAI.IHttpClient)" line-rate="0.8" branch-rate="0.7" complexity="10">
              <lines>
                <line number="125" hits="2" branch="False" />
                <line number="127" hits="2" branch="True" condition-coverage="75% (3/4)">
                  <conditions>
                    <condition number="7" type="jump" coverage="100%" />
                    <condition number="15" type="jump" coverage="50%" />
                  </conditions>
                </line>
                <line number="129" hits="0" branch="False" />
                <line number="132" hits="2" branch="True" condition-coverage="75% (3/4)">
                  <conditions>
                    <condition number="34" type="jump" coverage="100%" />
                    <condition number="42" type="jump" coverage="50%" />
                  </conditions>
                </line>
                <line number="134" hits="0" branch="False" />
                <line number="137" hits="2" branch="False" />
                <line number="138" hits="2" branch="False" />
                <line number="139" hits="2" branch="True" condition-coverage="50% (1/2)">
                  <conditions>
                    <condition number="77" type="jump" coverage="50%" />
                  </conditions>
                </line>
                <line number="140" hits="2" branch="False" />
                <line number="141" hits="2" branch="False" />
              </lines>
            </method>
            <method name=".ctor" signature="(System.String,System.String,OpenAI.IHttpClient,System.String)" line-rate="0.8" branch-rate="0.75" complexity="12">
              <lines>
                <line number="157" hits="64" branch="False" />
                <line number="159" hits="64" branch="True" condition-coverage="75% (3/4)">
                  <conditions>
                    <condition number="7" type="jump" coverage="100%" />
                    <condition number="15" type="jump" coverage="50%" />
                  </conditions>
                </line>
                <line number="161" hits="0" branch="False" />
                <line number="164" hits="64" branch="True" condition-coverage="75% (3/4)">
                  <conditions>
                    <condition number="34" type="jump" coverage="100%" />
                    <condition number="42" type="jump" coverage="50%" />
                  </conditions>
                </line>
                <line number="166" hits="0" branch="False" />
                <line number="169" hits="64" branch="False" />
                <line number="170" hits="64" branch="False" />
                <line number="171" hits="64" branch="True" condition-coverage="100% (2/2)">
                  <conditions>
                    <condition number="77" type="jump" coverage="100%" />
                  </conditions>
                </line>
                <line number="172" hits="64" branch="True" condition-coverage="50% (1/2)">
                  <conditions>
                    <condition number="94" type="jump" coverage="50%" />
                  </conditions>
                </line>
                <line number="173" hits="64" branch="False" />
              </lines>
            </method>
          </methods>
          <lines>
            <line number="176" hits="102" branch="False" />
            <line number="180" hits="68" branch="False" />
            <line number="184" hits="71" branch="False" />
            <line number="188" hits="1" branch="False" />
            <line number="192" hits="60" branch="False" />
            <line number="209" hits="4" branch="False" />
            <line number="247" hits="95" branch="False" />
            <line number="253" hits="55" branch="True" condition-coverage="100% (2/2)">
              <conditions>
                <condition number="11" type="jump" coverage="100%" />
              </conditions>
            </line>
            <line number="255" hits="2" branch="False" />
            <line number="261" hits="53" branch="False" />
            <line number="262" hits="52" branch="False" />
            <line number="263" hits="1" branch="False" />
            <line number="265" hits="1" branch="False" />
            <line number="268" hits="52" branch="False" />
            <line number="270" hits="52" branch="False" />
            <line number="279" hits="2" branch="False" />
            <line number="280" hits="1" branch="False" />
            <line number="281" hits="1" branch="False" />
            <line number="283" hits="1" branch="False" />
            <line number="290" hits="1" branch="False" />
            <line number="291" hits="1" branch="True" condition-coverage="50% (1/2)">
              <conditions>
                <condition number="37" type="jump" coverage="50%" />
              </conditions>
            </line>
            <line number="293" hits="1" branch="False" />
            <line number="296" hits="0" branch="True" condition-coverage="0% (0/2)">
              <conditions>
                <condition number="53" type="jump" coverage="0%" />
              </conditions>
            </line>
            <line number="297" hits="0" branch="False" />
            <line number="298" hits="0" branch="False" />
            <line number="300" hits="0" branch="False" />
            <line number="302" hits="0" branch="False" />
            <line number="303" hits="0" branch="False" />
            <line number="304" hits="0" branch="False" />
            <line number="305" hits="0" branch="False" />
            <line number="306" hits="0" branch="False" />
            <line number="307" hits="0" branch="False" />
            <line number="308" hits="0" branch="False" />
            <line number="309" hits="1" branch="False" />
            <line number="313" hits="3" branch="False" />
            <line number="314" hits="3" branch="False" />
            <line number="315" hits="3" branch="False" />
            <line number="316" hits="3" branch="False" />
            <line number="317" hits="3" branch="False" />
            <line number="318" hits="3" branch="False" />
            <line number="319" hits="3" branch="False" />
            <line number="23" hits="74" branch="False" />
            <line number="25" hits="74" branch="True" condition-coverage="100% (4/4)">
              <conditions>
                <condition number="7" type="jump" coverage="100%" />
                <condition number="15" type="jump" coverage="100%" />
              </conditions>
            </line>
            <line number="27" hits="1" branch="False" />
            <line number="30" hits="73" branch="True" condition-coverage="100% (4/4)">
              <conditions>
                <condition number="34" type="jump" coverage="100%" />
                <condition number="42" type="jump" coverage="100%" />
              </conditions>
            </line>
            <line number="32" hits="1" branch="False" />
            <line number="35" hits="72" branch="False" />
            <line number="36" hits="72" branch="False" />
            <line number="37" hits="72" branch="False" />
            <line number="38" hits="72" branch="False" />
            <line number="39" hits="72" branch="False" />
            <line number="48" hits="28" branch="False" />
            <line number="50" hits="28" branch="True" condition-coverage="75% (3/4)">
              <conditions>
                <condition number="7" type="jump" coverage="100%" />
                <condition number="15" type="jump" coverage="50%" />
              </conditions>
            </line>
            <line number="52" hits="0" branch="False" />
            <line number="55" hits="28" branch="True" condition-coverage="75% (3/4)">
              <conditions>
                <condition number="34" type="jump" coverage="100%" />
                <condition number="42" type="jump" coverage="50%" />
              </conditions>
            </line>
            <line number="57" hits="0" branch="False" />
            <line number="60" hits="28" branch="False" />
            <line number="61" hits="28" branch="False" />
            <line number="62" hits="28" branch="True" condition-coverage="50% (1/2)">
              <conditions>
                <condition number="77" type="jump" coverage="50%" />
              </conditions>
            </line>
            <line number="63" hits="28" branch="False" />
            <line number="64" hits="28" branch="False" />
            <line number="74" hits="5" branch="False" />
            <line number="76" hits="5" branch="True" condition-coverage="75% (3/4)">
              <conditions>
                <condition number="7" type="jump" coverage="100%" />
                <condition number="15" type="jump" coverage="50%" />
              </conditions>
            </line>
            <line number="78" hits="0" branch="False" />
            <line number="81" hits="5" branch="True" condition-coverage="75% (3/4)">
              <conditions>
                <condition number="34" type="jump" coverage="100%" />
                <condition number="42" type="jump" coverage="50%" />
              </conditions>
            </line>
            <line number="83" hits="0" branch="False" />
            <line number="86" hits="5" branch="False" />
            <line number="87" hits="5" branch="False" />
            <line number="88" hits="5" branch="True" condition-coverage="100% (2/2)">
              <conditions>
                <condition number="77" type="jump" coverage="100%" />
              </conditions>
            </line>
            <line number="89" hits="5" branch="True" condition-coverage="50% (1/2)">
              <conditions>
                <condition number="93" type="jump" coverage="50%" />
              </conditions>
            </line>
            <line number="90" hits="5" branch="False" />
            <line number="99" hits="0" branch="False" />
            <line number="101" hits="0" branch="True" condition-coverage="0% (0/4)">
              <conditions>
                <condition number="7" type="jump" coverage="0%" />
                <condition number="15" type="jump" coverage="0%" />
              </conditions>
            </line>
            <line number="103" hits="0" branch="False" />
            <line number="106" hits="0" branch="True" condition-coverage="0% (0/4)">
              <conditions>
                <condition number="34" type="jump" coverage="0%" />
                <condition number="42" type="jump" coverage="0%" />
              </conditions>
            </line>
            <line number="108" hits="0" branch="False" />
            <line number="111" hits="0" branch="False" />
            <line number="112" hits="0" branch="False" />
            <line number="113" hits="0" branch="False" />
            <line number="114" hits="0" branch="False" />
            <line number="115" hits="0" branch="False" />
            <line number="125" hits="2" branch="False" />
            <line number="127" hits="2" branch="True" condition-coverage="75% (3/4)">
              <conditions>
                <condition number="7" type="jump" coverage="100%" />
                <condition number="15" type="jump" coverage="50%" />
              </conditions>
            </line>
            <line number="129" hits="0" branch="False" />
            <line number="132" hits="2" branch="True" condition-coverage="75% (3/4)">
              <conditions>
                <condition number="34" type="jump" coverage="100%" />
                <condition number="42" type="jump" coverage="50%" />
              </conditions>
            </line>
            <line number="134" hits="0" branch="False" />
            <line number="137" hits="2" branch="False" />
            <line number="138" hits="2" branch="False" />
            <line number="139" hits="2" branch="True" condition-coverage="50% (1/2)">
              <conditions>
                <condition number="77" type="jump" coverage="50%" />
              </conditions>
            </line>
            <line number="140" hits="2" branch="False" />
            <line number="141" hits="2" branch="False" />
            <line number="157" hits="64" branch="False" />
            <line number="159" hits="64" branch="True" condition-coverage="75% (3/4)">
              <conditions>
                <condition number="7" type="jump" coverage="100%" />
                <condition number="15" type="jump" coverage="50%" />
              </conditions>
            </line>
            <line number="161" hits="0" branch="False" />
            <line number="164" hits="64" branch="True" condition-coverage="75% (3/4)">
              <conditions>
                <condition number="34" type="jump" coverage="100%" />
                <condition number="42" type="jump" coverage="50%" />
              </conditions>
            </line>
            <line number="166" hits="0" branch="False" />
            <line number="169" hits="64" branch="False" />
            <line number="170" hits="64" branch="False" />
            <line number="171" hits="64" branch="True" condition-coverage="100% (2/2)">
              <conditions>
                <condition number="77" type="jump" coverage="100%" />
              </conditions>
            </line>
            <line number="172" hits="64" branch="True" condition-coverage="50% (1/2)">
              <conditions>
                <condition number="94" type="jump" coverage="50%" />
              </conditions>
            </line>
            <line number="173" hits="64" branch="False" />
          </lines>
        </class>
        <class name="OpenAI.OpenAIClient/&lt;RequestAsync&gt;d__21`1" filename="Infrastructure\Public\OpenAIClient.cs" line-rate="1" branch-rate="1" complexity="6">
          <methods>
            <method name="MoveNext" signature="()" line-rate="1" branch-rate="1" complexity="6">
              <lines>
                <line number="229" hits="60" branch="False" />
                <line number="231" hits="60" branch="False" />
                <line number="232" hits="60" branch="False" />
                <line number="234" hits="57" branch="True" condition-coverage="100% (6/6)">
                  <conditions>
                    <condition number="200" type="jump" coverage="100%" />
                    <condition number="228" type="jump" coverage="100%" />
                    <condition number="256" type="jump" coverage="100%" />
                  </conditions>
                </line>
                <line number="236" hits="2" branch="False" />
                <line number="237" hits="2" branch="False" />
                <line number="238" hits="2" branch="False" />
                <line number="239" hits="2" branch="False" />
                <line number="242" hits="55" branch="False" />
                <line number="243" hits="54" branch="False" />
              </lines>
            </method>
          </methods>
          <lines>
            <line number="229" hits="60" branch="False" />
            <line number="231" hits="60" branch="False" />
            <line number="232" hits="60" branch="False" />
            <line number="234" hits="57" branch="True" condition-coverage="100% (6/6)">
              <conditions>
                <condition number="200" type="jump" coverage="100%" />
                <condition number="228" type="jump" coverage="100%" />
                <condition number="256" type="jump" coverage="100%" />
              </conditions>
            </line>
            <line number="236" hits="2" branch="False" />
            <line number="237" hits="2" branch="False" />
            <line number="238" hits="2" branch="False" />
            <line number="239" hits="2" branch="False" />
            <line number="242" hits="55" branch="False" />
            <line number="243" hits="54" branch="False" />
          </lines>
        </class>
        <class name="OpenAI.OpenAIConfiguration" filename="Infrastructure\Public\OpenAIConfiguration.cs" line-rate="0.85" branch-rate="0.7777" complexity="25">
          <methods>
            <method name="get_ApiKey" signature="()" line-rate="1" branch-rate="1" complexity="1">
              <lines>
                <line number="42" hits="16" branch="False" />
              </lines>
            </method>
            <method name="set_ApiKey" signature="(System.String)" line-rate="1" branch-rate="1" complexity="2">
              <lines>
                <line number="46" hits="8" branch="True" condition-coverage="100% (2/2)">
                  <conditions>
                    <condition number="11" type="jump" coverage="100%" />
                  </conditions>
                </line>
                <line number="48" hits="6" branch="False" />
                <line number="51" hits="8" branch="False" />
                <line number="52" hits="8" branch="False" />
              </lines>
            </method>
            <method name="get_OrganizationId" signature="()" line-rate="1" branch-rate="1" complexity="1">
              <lines>
                <line number="58" hits="62" branch="False" />
              </lines>
            </method>
            <method name="get_SerializerSettings" signature="()" line-rate="1" branch-rate="1" complexity="1">
              <lines>
                <line number="68" hits="63" branch="False" />
              </lines>
            </method>
            <method name="get_MaxNetworkRetries" signature="()" line-rate="1" branch-rate="1" complexity="1">
              <lines>
                <line number="76" hits="97" branch="False" />
              </lines>
            </method>
            <method name="set_MaxNetworkRetries" signature="(System.Int32)" line-rate="0" branch-rate="0" complexity="2">
              <lines>
                <line number="80" hits="0" branch="True" condition-coverage="0% (0/2)">
                  <conditions>
                    <condition number="6" type="jump" coverage="0%" />
                  </conditions>
                </line>
                <line number="82" hits="0" branch="False" />
                <line number="85" hits="0" branch="False" />
                <line number="86" hits="0" branch="False" />
              </lines>
            </method>
            <method name="get_OpenAIClient" signature="()" line-rate="1" branch-rate="1" complexity="2">
              <lines>
                <line number="106" hits="4" branch="True" condition-coverage="100% (2/2)">
                  <conditions>
                    <condition number="6" type="jump" coverage="100%" />
                  </conditions>
                </line>
              </lines>
            </method>
            <method name="set_OpenAIClient" signature="(OpenAI.IOpenAIClient)" line-rate="1" branch-rate="1" complexity="1">
              <lines>
                <line number="108" hits="10" branch="False" />
              </lines>
            </method>
            <method name="get_OpenAIClientVersion" signature="()" line-rate="1" branch-rate="1" complexity="1">
              <lines>
                <line number="112" hits="167" branch="False" />
              </lines>
            </method>
            <method name="DefaultSerializerSettings" signature="()" line-rate="1" branch-rate="1" complexity="1">
              <lines>
                <line number="121" hits="1" branch="False" />
                <line number="122" hits="1" branch="False" />
                <line number="123" hits="1" branch="False" />
                <line number="124" hits="1" branch="False" />
                <line number="125" hits="1" branch="False" />
                <line number="126" hits="1" branch="False" />
                <line number="127" hits="1" branch="False" />
                <line number="128" hits="1" branch="False" />
                <line number="129" hits="1" branch="False" />
              </lines>
            </method>
[...]
            <line number="353" hits="48" branch="True" condition-coverage="100% (2/2)">
              <conditions>
                <condition number="6" type="jump" coverage="100%" />
              </conditions>
            </line>
            <line number="355" hits="38" branch="False" />
            <line number="358" hits="10" branch="False" />
            <line number="359" hits="10" branch="True" condition-coverage="50% (1/2)">
              <conditions>
                <condition number="25" type="jump" coverage="50%" />
              </conditions>
            </line>
            <line number="364" hits="2" branch="False" />
            <line number="365" hits="2" branch="False" />
            <line number="366" hits="2" branch="False" />
            <line number="368" hits="2" branch="True" condition-coverage="100% (2/2)">
              <conditions>
                <condition number="52" type="jump" coverage="100%" />
              </conditions>
            </line>
            <line number="370" hits="2" branch="False" />
            <line number="373" hits="2" branch="False" />
            <line number="375" hits="2" branch="True" condition-coverage="100% (4/4)">
              <conditions>
                <condition number="118" type="jump" coverage="100%" />
                <condition number="147" type="jump" coverage="100%" />
              </conditions>
            </line>
            <line number="377" hits="2" branch="False" />
            <line number="380" hits="2" branch="True" condition-coverage="100% (2/2)">
              <conditions>
                <condition number="196" type="jump" coverage="100%" />
              </conditions>
            </line>
            <line number="382" hits="2" branch="False" />
            <line number="385" hits="2" branch="True" condition-coverage="50% (1/2)">
              <conditions>
                <condition number="231" type="jump" coverage="50%" />
              </conditions>
            </line>
            <line number="387" hits="0" branch="False" />
            <line number="390" hits="2" branch="True" condition-coverage="50% (1/2)">
              <conditions>
                <condition number="266" type="jump" coverage="50%" />
              </conditions>
            </line>
            <line number="392" hits="0" branch="False" />
            <line number="395" hits="2" branch="False" />
            <line number="400" hits="2" branch="False" />
            <line number="401" hits="2" branch="False" />
            <line number="402" hits="2" branch="False" />
            <line number="404" hits="2" branch="True" condition-coverage="100% (4/4)">
              <conditions>
                <condition number="55" type="jump" coverage="100%" />
                <condition number="84" type="jump" coverage="100%" />
              </conditions>
            </line>
            <line number="406" hits="2" branch="False" />
            <line number="409" hits="2" branch="True" condition-coverage="100% (2/2)">
              <conditions>
                <condition number="133" type="jump" coverage="100%" />
              </conditions>
            </line>
            <line number="411" hits="2" branch="False" />
            <line number="414" hits="2" branch="True" condition-coverage="50% (1/2)">
              <conditions>
                <condition number="168" type="jump" coverage="50%" />
              </conditions>
            </line>
            <line number="416" hits="0" branch="False" />
            <line number="419" hits="2" branch="True" condition-coverage="50% (1/2)">
              <conditions>
                <condition number="203" type="jump" coverage="50%" />
              </conditions>
            </line>
            <line number="421" hits="0" branch="False" />
            <line number="424" hits="2" branch="False" />
            <line number="429" hits="2" branch="False" />
            <line number="430" hits="2" branch="False" />
            <line number="431" hits="2" branch="False" />
            <line number="433" hits="2" branch="True" condition-coverage="100% (2/2)">
              <conditions>
                <condition number="52" type="jump" coverage="100%" />
              </conditions>
            </line>
            <line number="435" hits="2" branch="False" />
            <line number="438" hits="2" branch="False" />
          </lines>
        </class>
        <class name="OpenAI.Infrastructure.FormEncoding.FormUrlEncodedContent" filename="Infrastructure\FormEncoding\FormUrlEncodedContent.cs" line-rate="1" branch-rate="1" complexity="3">
          <methods>
            <method name="CreateContentByteArray" signature="(System.Collections.Generic.IEnumerable`1&lt;System.Collections.Generic.KeyValuePair`2&lt;System.String,System.String&gt;&gt;)" line-rate="1" branch-rate="1" complexity="2">
              <lines>
                <line number="32" hits="15" branch="True" condition-coverage="100% (2/2)">
                  <conditions>
                    <condition number="1" type="jump" coverage="100%" />
                  </conditions>
                </line>
                <line number="34" hits="1" branch="False" />
                <line number="37" hits="14" branch="False" />
              </lines>
            </method>
            <method name=".ctor" signature="(System.Collections.Generic.IEnumerable`1&lt;System.Collections.Generic.KeyValuePair`2&lt;System.String,System.String&gt;&gt;)" line-rate="1" branch-rate="1" complexity="1">
              <lines>
                <line number="21" hits="15" branch="False" />
                <line number="23" hits="14" branch="False" />
                <line number="24" hits="14" branch="False" />
                <line number="25" hits="14" branch="False" />
                <line number="26" hits="14" branch="False" />
                <line number="27" hits="14" branch="False" />
              </lines>
            </method>
          </methods>
          <lines>
            <line number="32" hits="15" branch="True" condition-coverage="100% (2/2)">
              <conditions>
                <condition number="1" type="jump" coverage="100%" />
              </conditions>
            </line>
            <line number="34" hits="1" branch="False" />
            <line number="37" hits="14" branch="False" />
            <line number="21" hits="15" branch="False" />
            <line number="23" hits="14" branch="False" />
            <line number="24" hits="14" branch="False" />
            <line number="25" hits="14" branch="False" />
            <line number="26" hits="14" branch="False" />
            <line number="27" hits="14" branch="False" />
          </lines>
        </class>
        <class name="OpenAI.Infrastructure.FormEncoding.JsonContent" filename="Infrastructure\FormEncoding\JsonContent.cs" line-rate="0.909" branch-rate="0.5" complexity="3">
          <methods>
            <method name="CreateContentByteArray" signature="(System.Object)" line-rate="0.875" branch-rate="0.5" complexity="2">
              <lines>
                <line number="30" hits="14" branch="True" condition-coverage="50% (1/2)">
                  <conditions>
                    <condition number="1" type="jump" coverage="50%" />
                  </conditions>
                </line>
                <line number="32" hits="0" branch="False" />
                <line number="35" hits="14" branch="False" />
                <line number="36" hits="14" branch="False" />
                <line number="37" hits="14" branch="False" />
                <line number="38" hits="14" branch="False" />
                <line number="39" hits="14" branch="False" />
                <line number="40" hits="14" branch="False" />
              </lines>
            </method>
            <method name=".ctor" signature="(System.Object)" line-rate="1" branch-rate="1" complexity="1">
              <lines>
                <line number="22" hits="14" branch="False" />
                <line number="24" hits="14" branch="False" />
                <line number="25" hits="14" branch="False" />
              </lines>
            </method>
          </methods>
          <lines>
            <line number="30" hits="14" branch="True" condition-coverage="50% (1/2)">
              <conditions>
                <condition number="1" type="jump" coverage="50%" />
              </conditions>
            </line>
            <line number="32" hits="0" branch="False" />
            <line number="35" hits="14" branch="False" />
            <line number="36" hits="14" branch="False" />
            <line number="37" hits="14" branch="False" />
            <line number="38" hits="14" branch="False" />
            <line number="39" hits="14" branch="False" />
            <line number="40" hits="14" branch="False" />
            <line number="22" hits="14" branch="False" />
            <line number="24" hits="14" branch="False" />
            <line number="25" hits="14" branch="False" />
          </lines>
        </class>
        <class name="OpenAI.Infrastructure.FormEncoding.MimeTypes" filename="Infrastructure\FormEncoding\MimeTypes.cs" line-rate="1" branch-rate="1" complexity="7">
          <methods>
            <method name="GetMimeType" signature="(System.String)" line-rate="1" branch-rate="1" complexity="6">
              <lines>
                <line number="30" hits="7" branch="True" condition-coverage="100% (2/2)">
                  <conditions>
                    <condition number="1" type="jump" coverage="100%" />
                  </conditions>
                </line>
                <line number="32" hits="1" branch="False" />
                <line number="35" hits="6" branch="True" condition-coverage="100% (2/2)">
                  <conditions>
                    <condition number="25" type="jump" coverage="100%" />
                  </conditions>
                </line>
                <line number="37" hits="5" branch="False" />
                <line number="40" hits="6" branch="True" condition-coverage="100% (2/2)">
                  <conditions>
                    <condition number="53" type="jump" coverage="100%" />
                  </conditions>
                </line>
              </lines>
            </method>
            <method name=".cctor" signature="()" line-rate="1" branch-rate="1" complexity="1">
              <lines>
                <line number="13" hits="1" branch="False" />
                <line number="14" hits="1" branch="False" />
                <line number="15" hits="1" branch="False" />
                <line number="16" hits="1" branch="False" />
                <line number="17" hits="1" branch="False" />
                <line number="18" hits="1" branch="False" />
                <line number="19" hits="1" branch="False" />
                <line number="20" hits="1" branch="False" />
                <line number="21" hits="1" branch="False" />
              </lines>
            </method>
          </methods>
          <lines>
            <line number="30" hits="7" branch="True" condition-coverage="100% (2/2)">
              <conditions>
                <condition number="1" type="jump" coverage="100%" />
              </conditions>
            </line>
            <line number="32" hits="1" branch="False" />
            <line number="35" hits="6" branch="True" condition-coverage="100% (2/2)">
              <conditions>
                <condition number="25" type="jump" coverage="100%" />
              </conditions>
            </line>
            <line number="37" hits="5" branch="False" />
            <line number="40" hits="6" branch="True" condition-coverage="100% (2/2)">
              <conditions>
                <condition number="53" type="jump" coverage="100%" />
              </conditions>
            </line>
            <line number="13" hits="1" branch="False" />
            <line number="14" hits="1" branch="False" />
            <line number="15" hits="1" branch="False" />
            <line number="16" hits="1" branch="False" />
            <line number="17" hits="1" branch="False" />
            <line number="18" hits="1" branch="False" />
            <line number="19" hits="1" branch="False" />
            <line number="20" hits="1" branch="False" />
            <line number="21" hits="1" branch="False" />
          </lines>
        </class>
        <class name="OpenAI.Infrastructure.FormEncoding.MultipartFormDataContent" filename="Infrastructure\FormEncoding\MultipartFormDataContent.cs" line-rate="0.9411" branch-rate="0.8332999999999999" complexity="15">
          <methods>
            <method name="CreateStringContent" signature="(System.String)" line-rate="1" branch-rate="1" complexity="1">
              <lines>
                <line number="43" hits="6" branch="False" />
              </lines>
            </method>
            <method name="CreateStreamContent" signature="(System.IO.Stream,System.String)" line-rate="0.8571" branch-rate="0.5" complexity="4">
              <lines>
                <line number="47" hits="3" branch="False" />
                <line number="48" hits="3" branch="False" />
                <line number="50" hits="3" branch="True" condition-coverage="50% (2/4)">
                  <conditions>
                    <condition number="20" type="jump" coverage="50%" />
                    <condition number="33" type="jump" coverage="50%" />
                  </conditions>
                </line>
                <line number="52" hits="0" branch="False" />
                <line number="53" hits="0" branch="False" />
                <line number="56" hits="3" branch="False" />
                <line number="57" hits="3" branch="False" />
                <line number="58" hits="3" branch="False" />
                <line number="59" hits="3" branch="False" />
                <line number="60" hits="3" branch="False" />
                <line number="61" hits="3" branch="False" />
                <line number="62" hits="3" branch="False" />
                <line number="63" hits="3" branch="False" />
                <line number="64" hits="3" branch="False" />
              </lines>
            </method>
            <method name="QuoteString" signature="(System.String)" line-rate="1" branch-rate="1" complexity="1">
              <lines>
                <line number="69" hits="9" branch="False" />
              </lines>
            </method>
            <method name="ProcessParameters" signature="(System.Collections.Generic.IEnumerable`1&lt;System.Collections.Generic.KeyValuePair`2&lt;System.String,System.Object&gt;&gt;)" line-rate="1" branch-rate="1" complexity="6">
              <lines>
                <line number="74" hits="33" branch="True" condition-coverage="100% (2/2)">
                  <conditions>
                    <condition number="157" type="jump" coverage="100%" />
                  </conditions>
                </line>
                <line number="76" hits="10" branch="True" condition-coverage="100% (4/4)">
                  <conditions>
                    <condition number="37" type="jump" coverage="100%" />
                    <condition number="50" type="jump" coverage="100%" />
                  </conditions>
                </line>
                <line number="79" hits="6" branch="False" />
                <line number="80" hits="6" branch="False" />
                <line number="83" hits="3" branch="False" />
                <line number="84" hits="3" branch="False" />
                <line number="87" hits="1" branch="False" />
                <line number="88" hits="1" branch="False" />
                <line number="89" hits="1" branch="False" />
                <line number="90" hits="1" branch="False" />
                <line number="93" hits="6" branch="False" />
              </lines>
            </method>
            <method name=".ctor" signature="(System.Collections.Generic.IEnumerable`1&lt;System.Collections.Generic.KeyValuePair`2&lt;System.String,System.Object&gt;&gt;)" line-rate="1" branch-rate="1" complexity="1">
              <lines>
                <line number="20" hits="3" branch="False" />
                <line number="22" hits="2" branch="False" />
              </lines>
            </method>
            <method name=".ctor" signature="(System.Collections.Generic.IEnumerable`1&lt;System.Collections.Generic.KeyValuePair`2&lt;System.String,System.Object&gt;&gt;,System.String)" line-rate="1" branch-rate="1" complexity="2">
              <lines>
                <line number="32" hits="8" branch="False" />
                <line number="34" hits="8" branch="True" condition-coverage="100% (2/2)">
                  <conditions>
                    <condition number="8" type="jump" coverage="100%" />
                  </conditions>
                </line>
                <line number="36" hits="1" branch="False" />
                <line number="39" hits="7" branch="False" />
                <line number="40" hits="6" branch="False" />
              </lines>
            </method>
          </methods>
          <lines>
            <line number="43" hits="6" branch="False" />
            <line number="47" hits="3" branch="False" />
            <line number="48" hits="3" branch="False" />
            <line number="50" hits="3" branch="True" condition-coverage="50% (2/4)">
              <conditions>
                <condition number="20" type="jump" coverage="50%" />
                <condition number="33" type="jump" coverage="50%" />
              </conditions>
            </line>
            <line number="52" hits="0" branch="False" />
            <line number="53" hits="0" branch="False" />
            <line number="56" hits="3" branch="False" />
            <line number="57" hits="3" branch="False" />
            <line number="58" hits="3" branch="False" />
            <line number="59" hits="3" branch="False" />
            <line number="60" hits="3" branch="False" />
            <line number="61" hits="3" branch="False" />
            <line number="62" hits="3" branch="False" />
            <line number="63" hits="3" branch="False" />
            <line number="64" hits="3" branch="False" />
            <line number="69" hits="9" branch="False" />
            <line number="74" hits="33" branch="True" condition-coverage="100% (2/2)">
              <conditions>
                <condition number="157" type="jump" coverage="100%" />
              </conditions>
            </line>
            <line number="76" hits="10" branch="True" condition-coverage="100% (4/4)">
              <conditions>
                <condition number="37" type="jump" coverage="100%" />
                <condition number="50" type="jump" coverage="100%" />
              </conditions>
            </line>
            <line number="79" hits="6" branch="False" />
            <line number="80" hits="6" branch="False" />
            <line number="83" hits="3" branch="False" />
            <line number="84" hits="3" branch="False" />
            <line number="87" hits="1" branch="False" />
            <line number="88" hits="1" branch="False" />
            <line number="89" hits="1" branch="False" />
            <line number="90" hits="1" branch="False" />
            <line number="93" hits="6" branch="False" />
            <line number="20" hits="3" branch="False" />
            <line number="22" hits="2" branch="False" />
            <line number="32" hits="8" branch="False" />
            <line number="34" hits="8" branch="True" condition-coverage="100% (2/2)">
              <conditions>
                <condition number="8" type="jump" coverage="100%" />
              </conditions>
            </line>
            <line number="36" hits="1" branch="False" />
            <line number="39" hits="7" branch="False" />
            <line number="40" hits="6" branch="False" />
          </lines>
        </class>
      </classes>
    </package>
  </packages>
</coverage>